15:51:01.328 [com.intuit.karate.cli.Main.main()] INFO  com.intuit.karate - Karate version: 1.1.0
15:51:01.872 [com.intuit.karate.cli.Main.main()] DEBUG com.intuit.karate.Suite - [config] classpath:karate-config.js
15:51:03.923 [com.intuit.karate.cli.Main.main()] INFO  com.intuit.karate - karate.env system property was: null 
15:51:10.454 [com.intuit.karate.cli.Main.main()] DEBUG com.intuit.karate - request:
1 > POST http://192.168.20.22:8205/smpp_service/create/server?statistics_response_time_warning_level=1000&service_id=supplierconn1&name=supplierconn1&statistics_only=false
1 > Host: 192.168.20.22:8205
1 > Connection: Keep-Alive
1 > User-Agent: Apache-HttpClient/4.5.13 (Java/11.0.9)
1 > Accept-Encoding: gzip,deflate


15:51:11.020 [com.intuit.karate.cli.Main.main()] DEBUG com.intuit.karate - response time in milliseconds: 545
1 < 200
1 < Date: Thu, 12 Aug 2021 10:21:10 GMT
1 < Access-Control-Allow-Origin: *
1 < Content-Type: text/html;charset=utf-8
1 < Transfer-Encoding: chunked
1 < Server: Jetty(9.3.z-SNAPSHOT)
{"service_uuid":"dd3f3637-46b9-4ad3-a77b-a58679eba5b3"}
15:51:11.039 [com.intuit.karate.cli.Main.main()] DEBUG com.intuit.karate - request:
2 > POST http://192.168.20.22:8205/smpp_service/configure/server/supplierconn1?window_size=600&respond_submit=true&mps=0&system_id=supplierconn1&enquire_link_period=60000&dlr_delay_ms=5000&send_dlr_on_submit=true&enquire_link_response=true
2 > Host: 192.168.20.22:8205
2 > Connection: Keep-Alive
2 > User-Agent: Apache-HttpClient/4.5.13 (Java/11.0.9)
2 > Accept-Encoding: gzip,deflate


15:51:11.443 [com.intuit.karate.cli.Main.main()] DEBUG com.intuit.karate - response time in milliseconds: 398
2 < 200
2 < Date: Thu, 12 Aug 2021 10:21:11 GMT
2 < Access-Control-Allow-Origin: *
2 < Content-Type: text/html;charset=utf-8
2 < Transfer-Encoding: chunked
2 < Server: Jetty(9.3.z-SNAPSHOT)
{"success":true}
15:51:11.463 [com.intuit.karate.cli.Main.main()] DEBUG com.intuit.karate - request:
3 > POST http://192.168.20.22:8205/smpp_service/create/client?statistics_response_time_warning_level=1000&service_id=user1&name=user1&statistics_only=false
3 > Host: 192.168.20.22:8205
3 > Connection: Keep-Alive
3 > User-Agent: Apache-HttpClient/4.5.13 (Java/11.0.9)
3 > Accept-Encoding: gzip,deflate


15:51:11.962 [com.intuit.karate.cli.Main.main()] DEBUG com.intuit.karate - response time in milliseconds: 493
3 < 200
3 < Date: Thu, 12 Aug 2021 10:21:11 GMT
3 < Access-Control-Allow-Origin: *
3 < Content-Type: text/html;charset=utf-8
3 < Transfer-Encoding: chunked
3 < Server: Jetty(9.3.z-SNAPSHOT)
{"service_uuid":"85d352f5-67ba-4f54-9310-0040bc025b20"}
15:51:11.971 [com.intuit.karate.cli.Main.main()] DEBUG com.intuit.karate - request:
4 > POST http://192.168.20.22:8205/smpp_service/configure/client/user1?window_size=600&submit_delay_ms=0&response_timeout=10000&mps=600&port=2775&enquire_link_period=60000&host=172.20.0.230&sequence_number_start=1&ssl=false
4 > Host: 192.168.20.22:8205
4 > Connection: Keep-Alive
4 > User-Agent: Apache-HttpClient/4.5.13 (Java/11.0.9)
4 > Accept-Encoding: gzip,deflate


15:51:12.374 [com.intuit.karate.cli.Main.main()] DEBUG com.intuit.karate - response time in milliseconds: 398
4 < 200
4 < Date: Thu, 12 Aug 2021 10:21:12 GMT
4 < Access-Control-Allow-Origin: *
4 < Content-Type: text/html;charset=utf-8
4 < Transfer-Encoding: chunked
4 < Server: Jetty(9.3.z-SNAPSHOT)
{"success":true}
15:51:12.385 [com.intuit.karate.cli.Main.main()] DEBUG com.intuit.karate - request:
5 > POST http://192.168.20.22:8205/smpp_service/connect/user1
5 > Host: 192.168.20.22:8205
5 > Connection: Keep-Alive
5 > User-Agent: Apache-HttpClient/4.5.13 (Java/11.0.9)
5 > Accept-Encoding: gzip,deflate


15:51:12.783 [com.intuit.karate.cli.Main.main()] DEBUG com.intuit.karate - response time in milliseconds: 392
5 < 200
5 < Date: Thu, 12 Aug 2021 10:21:12 GMT
5 < Access-Control-Allow-Origin: *
5 < Content-Type: text/html;charset=utf-8
5 < Transfer-Encoding: chunked
5 < Server: Jetty(9.3.z-SNAPSHOT)
{"success":true}
15:51:12.799 [com.intuit.karate.cli.Main.main()] DEBUG com.intuit.karate - request:
6 > POST http://192.168.20.22:8205/smpp_service/connectionlink/user1?link_service_id=user1
6 > Host: 192.168.20.22:8205
6 > Connection: Keep-Alive
6 > User-Agent: Apache-HttpClient/4.5.13 (Java/11.0.9)
6 > Accept-Encoding: gzip,deflate


15:51:13.200 [com.intuit.karate.cli.Main.main()] DEBUG com.intuit.karate - response time in milliseconds: 394
6 < 200
6 < Date: Thu, 12 Aug 2021 10:21:12 GMT
6 < Access-Control-Allow-Origin: *
6 < Content-Type: text/html;charset=utf-8
6 < Transfer-Encoding: chunked
6 < Server: Jetty(9.3.z-SNAPSHOT)
{"success":true}
15:51:13.219 [com.intuit.karate.cli.Main.main()] DEBUG com.intuit.karate - request:
7 > POST http://192.168.20.22:8205/smpp_service/bind/user1?password=12345&system_id=user1&bind_type=transceiver
7 > Host: 192.168.20.22:8205
7 > Connection: Keep-Alive
7 > User-Agent: Apache-HttpClient/4.5.13 (Java/11.0.9)
7 > Accept-Encoding: gzip,deflate


15:51:13.613 [com.intuit.karate.cli.Main.main()] DEBUG com.intuit.karate - response time in milliseconds: 389
7 < 200
7 < Date: Thu, 12 Aug 2021 10:21:13 GMT
7 < Access-Control-Allow-Origin: *
7 < Content-Type: text/html;charset=utf-8
7 < Transfer-Encoding: chunked
7 < Server: Jetty(9.3.z-SNAPSHOT)
{"command_status":0,"command_status_string":"ESME_ROK","system_id":"user1","sc_interface_version":52}
15:51:13.623 [com.intuit.karate.cli.Main.main()] DEBUG com.intuit.karate - request:
8 > POST http://192.168.20.22:8205/smpp_service/submit_sm/batch/create/user1?batch_id=testmessage01
8 > Host: 192.168.20.22:8205
8 > Connection: Keep-Alive
8 > User-Agent: Apache-HttpClient/4.5.13 (Java/11.0.9)
8 > Accept-Encoding: gzip,deflate


15:51:14.008 [com.intuit.karate.cli.Main.main()] DEBUG com.intuit.karate - response time in milliseconds: 381
8 < 200
8 < Date: Thu, 12 Aug 2021 10:21:13 GMT
8 < Access-Control-Allow-Origin: *
8 < Content-Type: text/html;charset=utf-8
8 < Transfer-Encoding: chunked
8 < Server: Jetty(9.3.z-SNAPSHOT)
{"success":true}
15:51:14.028 [com.intuit.karate.cli.Main.main()] DEBUG com.intuit.karate - request:
9 > POST http://192.168.20.22:8205/smpp_service/submit_sm/batch/add/user1?message_payload=VGVzdCBtZXNzYWdlIG5ldyA%3D&dest_addr_ton=1&batch_id=testmessage01&source_addr_ton=2&esm_class=3&submit_id=testmessage01_1&dest_addr_npi=1&destination_addr=35699523365&service_type=SMPP&repeat=1&data_coding=3&source_addr_npi=4&source_addr=35699523380
9 > Host: 192.168.20.22:8205
9 > Connection: Keep-Alive
9 > User-Agent: Apache-HttpClient/4.5.13 (Java/11.0.9)
9 > Accept-Encoding: gzip,deflate


15:51:14.420 [com.intuit.karate.cli.Main.main()] DEBUG com.intuit.karate - response time in milliseconds: 387
9 < 200
9 < Date: Thu, 12 Aug 2021 10:21:14 GMT
9 < Access-Control-Allow-Origin: *
9 < Content-Type: text/html;charset=utf-8
9 < Transfer-Encoding: chunked
9 < Server: Jetty(9.3.z-SNAPSHOT)
{"success":true}
15:51:14.432 [com.intuit.karate.cli.Main.main()] DEBUG c.intuit.karate.core.ScenarioEngine - over-writing existing variable 'payloadMessage' with new value: {
    "batch_id":"testmessage01",
    "repeat":"1",
    "shuffle":"true"
}
15:51:14.447 [com.intuit.karate.cli.Main.main()] DEBUG com.intuit.karate - request:
10 > POST http://192.168.20.22:8205/smpp_service/submit_sm/batch/submit/user1?batch_id=testmessage01&repeat=1&shuffle=true
10 > Host: 192.168.20.22:8205
10 > Connection: Keep-Alive
10 > User-Agent: Apache-HttpClient/4.5.13 (Java/11.0.9)
10 > Accept-Encoding: gzip,deflate


15:51:14.846 [com.intuit.karate.cli.Main.main()] DEBUG com.intuit.karate - response time in milliseconds: 394
10 < 200
10 < Date: Thu, 12 Aug 2021 10:21:14 GMT
10 < Access-Control-Allow-Origin: *
10 < Content-Type: text/html;charset=utf-8
10 < Transfer-Encoding: chunked
10 < Server: Jetty(9.3.z-SNAPSHOT)
{"success":true}
15:51:22.493 [com.intuit.karate.cli.Main.main()] INFO  com.intuit.karate.Suite - <<pass>> feature 1 of 1 (0 remaining) src/test/java/automationHaud/feature/sendSmppSMS.feature
